<?xml version="1.0" encoding="UTF-8"?>
<testng-results skipped="0" failed="0" ignored="0" total="2" passed="2">
  <reporter-output>
  </reporter-output>
  <suite name="Command line suite" duration-ms="26356" started-at="2020-09-07T00:48:22 COT" finished-at="2020-09-07T00:48:48 COT">
    <groups>
    </groups>
    <test name="Command line test" duration-ms="26356" started-at="2020-09-07T00:48:22 COT" finished-at="2020-09-07T00:48:48 COT">
      <class name="Testing.ProductsTest">
        <test-method status="PASS" signature="setUp()[pri:0, instance:Testing.ProductsTest@5f341870]" name="setUp" is-config="true" duration-ms="5017" started-at="2020-09-07T00:48:28 COT" finished-at="2020-09-07T00:48:33 COT">
          <reporter-output>
          </reporter-output>
        </test-method> <!-- setUp -->
        <test-method status="PASS" signature="searchProduct()[pri:0, instance:Testing.ProductsTest@5f341870]" name="searchProduct" duration-ms="9256" started-at="2020-09-07T00:48:33 COT" finished-at="2020-09-07T00:48:42 COT">
          <reporter-output>
          </reporter-output>
        </test-method> <!-- searchProduct -->
        <test-method status="PASS" signature="closeDriver()[pri:0, instance:Testing.ProductsTest@5f341870]" name="closeDriver" is-config="true" duration-ms="539" started-at="2020-09-07T00:48:48 COT" finished-at="2020-09-07T00:48:48 COT">
          <reporter-output>
          </reporter-output>
        </test-method> <!-- closeDriver -->
      </class> <!-- Testing.ProductsTest -->
      <class name="Testing.CartTest">
        <test-method status="PASS" signature="setUp()[pri:0, instance:Testing.CartTest@553f17c]" name="setUp" is-config="true" duration-ms="5975" started-at="2020-09-07T00:48:22 COT" finished-at="2020-09-07T00:48:28 COT">
          <reporter-output>
          </reporter-output>
        </test-method> <!-- setUp -->
        <test-method status="PASS" signature="buyProduct()[pri:0, instance:Testing.CartTest@553f17c]" name="buyProduct" duration-ms="5412" started-at="2020-09-07T00:48:42 COT" finished-at="2020-09-07T00:48:47 COT">
          <reporter-output>
          </reporter-output>
        </test-method> <!-- buyProduct -->
        <test-method status="PASS" signature="closeDriver()[pri:0, instance:Testing.CartTest@553f17c]" name="closeDriver" is-config="true" duration-ms="121" started-at="2020-09-07T00:48:47 COT" finished-at="2020-09-07T00:48:48 COT">
          <reporter-output>
          </reporter-output>
        </test-method> <!-- closeDriver -->
      </class> <!-- Testing.CartTest -->
    </test> <!-- Command line test -->
  </suite> <!-- Command line suite -->
</testng-results>
